Start testing: May 17 20:17 PDT
----------------------------------------------------------
1/1 Testing: SystemRef_LedBlinker_ut_exe
1/1 Test: SystemRef_LedBlinker_ut_exe
Command: "/home/ethan/jpl/projects/BareMetal/SystemRef/build-fprime-automatic-native-ut/bin/Linux/SystemRef_LedBlinker_ut_exe"
Directory: /home/ethan/jpl/projects/BareMetal/SystemRef/build-fprime-automatic-native-ut/SystemRef/LedBlinker
"SystemRef_LedBlinker_ut_exe" start time: May 17 20:17 PDT
Output:
----------------------------------------------------------
[==========] Running 2 tests from 1 test suite.
[----------] Global test environment set-up.
[----------] 2 tests from Nominal
[ RUN      ] Nominal.ToDo
[       OK ] Nominal.ToDo (1 ms)
[ RUN      ] Nominal.TestBlinking
/home/ethan/jpl/projects/BareMetal/SystemRef/LedBlinker/LedBlinker.cpp:64:10: runtime error: load of value 7, which is not a valid value for type 'bool'
/home/ethan/jpl/projects/BareMetal/SystemRef/build-fprime-automatic-native-ut/SystemRef/LedBlinker/GTestBase.cpp:204: Failure
Expected equality of these values:
  val
    Which is: 1
  e.arg
    Which is: 4346599173616914689

/home/ethan/jpl/projects/BareMetal/SystemRef/LedBlinker/test/ut/Tester.cpp:56
  Value:    Value at index 0 on telemetry channel LedTransitions
  Expected: 1
  Actual:   4346599173616914689

[  FAILED  ] Nominal.TestBlinking (5 ms)
[----------] 2 tests from Nominal (7 ms total)

[----------] Global test environment tear-down
[==========] 2 tests from 1 test suite ran. (7 ms total)
[  PASSED  ] 1 test.
[  FAILED  ] 1 test, listed below:
[  FAILED  ] Nominal.TestBlinking

 1 FAILED TEST
<end of output>
Test time =   0.04 sec
----------------------------------------------------------
Test Failed.
"SystemRef_LedBlinker_ut_exe" end time: May 17 20:17 PDT
"SystemRef_LedBlinker_ut_exe" time elapsed: 00:00:00
----------------------------------------------------------

End testing: May 17 20:17 PDT
